Arguments: 
  C:\Program Files\nodejs\node.exe C:\Users\misst\AppData\Roaming\npm\node_modules\yarn\bin\yarn.js add --dev webpack webpack-cli

PATH: 
  C:\Python27\;C:\Python27\Scripts;C:\Program Files\Intel\iCLS Client\;C:\Windows\system32;C:\Windows;C:\Windows\System32\Wbem;C:\Windows\System32\WindowsPowerShell\v1.0\;C:\Program Files (x86)\NVIDIA Corporation\PhysX\Common;C:\WINDOWS\system32;C:\WINDOWS;C:\WINDOWS\System32\Wbem;C:\WINDOWS\System32\WindowsPowerShell\v1.0\;C:\Program Files (x86)\Microsoft SQL Server\90\Tools\binn\;C:\WINDOWS\System32\OpenSSH\;C:\ProgramData\chocolatey\bin;C:\Program Files\Java\jdk1.8.0_172\bin;D:\Program Files (x86)\Git\cmd;D:\Coding\Composer;D:\wamp\bin\php\php5.6.35;D:\Program Files (x86)\Microsoft VS Code\bin;C:\Program Files\NVIDIA Corporation\NVIDIA NvDLISR;C:\WINDOWS\system32;C:\WINDOWS;C:\WINDOWS\System32\Wbem;C:\WINDOWS\System32\WindowsPowerShell\v1.0\;C:\WINDOWS\System32\OpenSSH\;C:\Program Files\nodejs\;D:\wamp64\bin\php\php7.3.5;D:\Composer;C:\Program Files\Intel\WiFi\bin\;C:\Program Files\Common Files\Intel\WirelessCommon\;C:\Program Files (x86)\Intel\Intel(R) Management Engine Components\DAL;C:\Program Files\Intel\Intel(R) Management Engine Components\DAL;C:\Program Files\MySQL\MySQL Shell 8.0\bin\;C:\Users\misst\AppData\Local\Microsoft\WindowsApps;C:\Users\misst\AppData\Roaming\npm;C:\Users\misst\AppData\Roaming\Composer\vendor\bin;D:\wamp64\bin\php\php7.3.5;C:\Program Files\Intel\WiFi\bin\;C:\Program Files\Common Files\Intel\WirelessCommon\

Yarn version: 
  1.19.0

Node version: 
  10.16.3

Platform: 
  win32 x64

Trace: 
  SyntaxError: D:\wamp64\www\starter\webpack-react\package.json: Unexpected end of JSON input
      at JSON.parse (<anonymous>)
      at C:\Users\misst\AppData\Roaming\npm\node_modules\yarn\lib\cli.js:1625:59
      at Generator.next (<anonymous>)
      at step (C:\Users\misst\AppData\Roaming\npm\node_modules\yarn\lib\cli.js:304:30)
      at C:\Users\misst\AppData\Roaming\npm\node_modules\yarn\lib\cli.js:315:13

npm manifest: 
  

yarn manifest: 
  No manifest

Lockfile: 
  No lockfile
